In file included from ../lib/kerberos.cc:1:
In file included from ../lib/kerberos.h:4:
/Users/stephentraynor/.node-gyp/0.12.4/src/node.h:275:10: warning: 'FatalException' is deprecated [-Wdeprecated-declarations]
  return FatalException(v8::Isolate::GetCurrent(), try_catch);
         ^
/Users/stephentraynor/.node-gyp/0.12.4/src/node.h:64:53: note: expanded from macro 'NODE_DEPRECATED'
#define NODE_DEPRECATED(msg, fn) V8_DEPRECATED(msg, fn)
                                                    ^
/Users/stephentraynor/.node-gyp/0.12.4/deps/v8/include/v8config.h:315:45: note: expanded from macro 'V8_DEPRECATED'
# define V8_DEPRECATED(message, declarator) \
                                            ^
/Users/stephentraynor/.node-gyp/0.12.4/src/node.h:270:18: note: 'FatalException' has been explicitly marked deprecated here
NODE_EXTERN void FatalException(v8::Isolate* isolate,
                 ^
/Users/stephentraynor/.node-gyp/0.12.4/src/node.h:287:10: warning: 'Encode' is deprecated [-Wdeprecated-declarations]
  return Encode(v8::Isolate::GetCurrent(), buf, len, encoding);
         ^
/Users/stephentraynor/.node-gyp/0.12.4/src/node.h:64:53: note: expanded from macro 'NODE_DEPRECATED'
#define NODE_DEPRECATED(msg, fn) V8_DEPRECATED(msg, fn)
                                                    ^
/Users/stephentraynor/.node-gyp/0.12.4/deps/v8/include/v8config.h:315:45: note: expanded from macro 'V8_DEPRECATED'
# define V8_DEPRECATED(message, declarator) \
                                            ^
/Users/stephentraynor/.node-gyp/0.12.4/src/node.h:278:34: note: 'Encode' has been explicitly marked deprecated here
NODE_EXTERN v8::Local<v8::Value> Encode(v8::Isolate* isolate,
                                 ^
/Users/stephentraynor/.node-gyp/0.12.4/src/node.h:298:10: warning: 'DecodeBytes' is deprecated [-Wdeprecated-declarations]
  return DecodeBytes(v8::Isolate::GetCurrent(), val, encoding);
         ^
/Users/stephentraynor/.node-gyp/0.12.4/src/node.h:64:53: note: expanded from macro 'NODE_DEPRECATED'
#define NODE_DEPRECATED(msg, fn) V8_DEPRECATED(msg, fn)
                                                    ^
/Users/stephentraynor/.node-gyp/0.12.4/deps/v8/include/v8config.h:315:45: note: expanded from macro 'V8_DEPRECATED'
# define V8_DEPRECATED(message, declarator) \
                                            ^
/Users/stephentraynor/.node-gyp/0.12.4/src/node.h:291:21: note: 'DecodeBytes' has been explicitly marked deprecated here
NODE_EXTERN ssize_t DecodeBytes(v8::Isolate* isolate,
                    ^
/Users/stephentraynor/.node-gyp/0.12.4/src/node.h:312:10: warning: 'DecodeWrite' is deprecated [-Wdeprecated-declarations]
  return DecodeWrite(v8::Isolate::GetCurrent(), buf, buflen, val, encoding);
         ^
/Users/stephentraynor/.node-gyp/0.12.4/src/node.h:64:53: note: expanded from macro 'NODE_DEPRECATED'
#define NODE_DEPRECATED(msg, fn) V8_DEPRECATED(msg, fn)
                                                    ^
/Users/stephentraynor/.node-gyp/0.12.4/deps/v8/include/v8config.h:315:45: note: expanded from macro 'V8_DEPRECATED'
# define V8_DEPRECATED(message, declarator) \
                                            ^
/Users/stephentraynor/.node-gyp/0.12.4/src/node.h:302:21: note: 'DecodeWrite' has been explicitly marked deprecated here
NODE_EXTERN ssize_t DecodeWrite(v8::Isolate* isolate,
                    ^
In file included from ../lib/kerberos.cc:1:
../lib/kerberos.h:32:48: error: unknown type name 'Arguments'; did you mean 'v8::internal::Arguments'?
  static Handle<Value> AuthGSSClientInit(const Arguments &args);
                                               ^~~~~~~~~
                                               v8::internal::Arguments
/Users/stephentraynor/.node-gyp/0.12.4/deps/v8/include/v8.h:127:7: note: 'v8::internal::Arguments' declared here
class Arguments;
      ^
In file included from ../lib/kerberos.cc:1:
../lib/kerberos.h:33:48: error: unknown type name 'Arguments'; did you mean 'v8::internal::Arguments'?
  static Handle<Value> AuthGSSClientStep(const Arguments &args);
                                               ^~~~~~~~~
                                               v8::internal::Arguments
/Users/stephentraynor/.node-gyp/0.12.4/deps/v8/include/v8.h:127:7: note: 'v8::internal::Arguments' declared here
class Arguments;
      ^
In file included from ../lib/kerberos.cc:1:
../lib/kerberos.h:34:50: error: unknown type name 'Arguments'; did you mean 'v8::internal::Arguments'?
  static Handle<Value> AuthGSSClientUnwrap(const Arguments &args);
                                                 ^~~~~~~~~
                                                 v8::internal::Arguments
/Users/stephentraynor/.node-gyp/0.12.4/deps/v8/include/v8.h:127:7: note: 'v8::internal::Arguments' declared here
class Arguments;
      ^
In file included from ../lib/kerberos.cc:1:
../lib/kerberos.h:35:48: error: unknown type name 'Arguments'; did you mean 'v8::internal::Arguments'?
  static Handle<Value> AuthGSSClientWrap(const Arguments &args);
                                               ^~~~~~~~~
                                               v8::internal::Arguments
/Users/stephentraynor/.node-gyp/0.12.4/deps/v8/include/v8.h:127:7: note: 'v8::internal::Arguments' declared here
class Arguments;
      ^
In file included from ../lib/kerberos.cc:1:
../lib/kerberos.h:36:49: error: unknown type name 'Arguments'; did you mean 'v8::internal::Arguments'?
  static Handle<Value> AuthGSSClientClean(const Arguments &args);
                                                ^~~~~~~~~
                                                v8::internal::Arguments
/Users/stephentraynor/.node-gyp/0.12.4/deps/v8/include/v8.h:127:7: note: 'v8::internal::Arguments' declared here
class Arguments;
      ^
In file included from ../lib/kerberos.cc:1:
../lib/kerberos.h:39:34: error: unknown type name 'Arguments'; did you mean 'v8::internal::Arguments'?
  static Handle<Value> New(const Arguments &args);  
                                 ^~~~~~~~~
                                 v8::internal::Arguments
/Users/stephentraynor/.node-gyp/0.12.4/deps/v8/include/v8.h:127:7: note: 'v8::internal::Arguments' declared here
class Arguments;
      ^
In file included from ../lib/kerberos.cc:1:
../lib/kerberos.h:42:23: error: unknown type name 'uv_work_t'
  static void Process(uv_work_t* work_req);
                      ^
../lib/kerberos.h:44:21: error: unknown type name 'uv_work_t'
  static void After(uv_work_t* work_req);
                    ^
In file included from ../lib/kerberos.cc:3:
../lib/worker.h:17:5: error: unknown type name 'uv_work_t'
    uv_work_t request;
    ^
In file included from ../lib/kerberos.cc:4:
../lib/kerberos_context.h:44:34: error: unknown type name 'Arguments'; did you mean 'v8::internal::Arguments'?
  static Handle<Value> New(const Arguments &args);  
                                 ^~~~~~~~~
                                 v8::internal::Arguments
/Users/stephentraynor/.node-gyp/0.12.4/deps/v8/include/v8.h:127:7: note: 'v8::internal::Arguments' declared here
class Arguments;
      ^
In file included from ../lib/kerberos.cc:4:
../lib/kerberos_context.h:46:69: error: unknown type name 'AccessorInfo'
  static Handle<Value> ResponseGetter(Local<String> property, const AccessorInfo& info);  
                                                                    ^
../lib/kerberos_context.h:28:32: error: member reference type 'Persistent<v8::FunctionTemplate>' is not a pointer; maybe you meant to use '.'?
    return constructor_template->HasInstance(obj);
           ~~~~~~~~~~~~~~~~~~~~^~
                               .
../lib/kerberos_context.h:28:34: error: no member named 'HasInstance' in 'v8::Persistent<v8::FunctionTemplate, v8::NonCopyablePersistentTraits<v8::FunctionTemplate> >'
    return constructor_template->HasInstance(obj);
           ~~~~~~~~~~~~~~~~~~~~  ^
../lib/kerberos.cc:40:15: error: calling a protected constructor of class 'v8::HandleScope'
  HandleScope scope;
              ^
/Users/stephentraynor/.node-gyp/0.12.4/deps/v8/include/v8.h:816:13: note: declared protected here
  V8_INLINE HandleScope() {}
            ^
../lib/kerberos.cc:41:50: error: no member named 'New' in 'v8::String'
  return ThrowException(Exception::Error(String::New(msg)));
                                         ~~~~~~~~^
../lib/kerberos.cc:49:15: error: calling a protected constructor of class 'v8::HandleScope'
  HandleScope scope;
              ^
/Users/stephentraynor/.node-gyp/0.12.4/deps/v8/include/v8.h:816:13: note: declared protected here
  V8_INLINE HandleScope() {}
            ^
../lib/kerberos.cc:51:53: error: cannot initialize a parameter of type 'v8::Isolate *' with an lvalue of type 'Handle<v8::Value> (const v8::internal::Arguments &)'
  Local<FunctionTemplate> t = FunctionTemplate::New(Kerberos::New);
                                                    ^~~~~~~~~~~~~
/Users/stephentraynor/.node-gyp/0.12.4/deps/v8/include/v8.h:3456:16: note: passing argument to parameter 'isolate' here
      Isolate* isolate,
               ^
../lib/kerberos.cc:52:56: error: 'New' is a private member of 'v8::PersistentBase<v8::FunctionTemplate>'
  constructor_template = Persistent<FunctionTemplate>::New(t);
                                                       ^
/Users/stephentraynor/.node-gyp/0.12.4/deps/v8/include/v8.h:572:23: note: declared private here
  V8_INLINE static T* New(Isolate* isolate, T* that);
                      ^
../lib/kerberos.cc:52:26: error: too few arguments to function call, expected 2, have 1; did you mean '::Kerberos::New'?
  constructor_template = Persistent<FunctionTemplate>::New(t);
                         ^~~~~~~~~~
                         ::Kerberos::New
../lib/kerberos.h:39:24: note: '::Kerberos::New' declared here
  static Handle<Value> New(const Arguments &args);  
                       ^
fatal error: too many errors emitted, stopping now [-ferror-limit=]
4 warnings and 20 errors generated.
make: *** [Release/obj.target/kerberos/lib/kerberos.o] Error 1
gyp ERR! build error 
gyp ERR! stack Error: `make` failed with exit code: 2
gyp ERR! stack     at ChildProcess.onExit (/usr/local/lib/node_modules/npm/node_modules/node-gyp/lib/build.js:276:23)
gyp ERR! stack     at ChildProcess.emit (events.js:110:17)
gyp ERR! stack     at Process.ChildProcess._handle.onexit (child_process.js:1074:12)
gyp ERR! System Darwin 15.4.0
gyp ERR! command "node" "/usr/local/lib/node_modules/npm/node_modules/node-gyp/bin/node-gyp.js" "rebuild"
gyp ERR! cwd /Applications/MAMP/htdocs/BlueBankAPI/BlueBankAPI/node_modules/kerberos
gyp ERR! node -v v0.12.4
gyp ERR! node-gyp -v v3.5.0
gyp ERR! not ok 
